<?xml version="1.0" encoding="UTF-8"?>
<testng-results skipped="0" failed="0" ignored="0" total="1" passed="1">
  <reporter-output>
  </reporter-output>
  <suite name="Default suite" duration-ms="88685" started-at="2020-08-03T11:16:32 IST" finished-at="2020-08-03T11:18:01 IST">
    <groups>
    </groups>
    <test name="Default test" duration-ms="88685" started-at="2020-08-03T11:16:32 IST" finished-at="2020-08-03T11:18:01 IST">
      <class name="com.tycrm.testscripts.CreateContact">
        <test-method status="PASS" signature="openApp()[pri:0, instance:com.tycrm.testscripts.CreateContact@6c49835d]" name="openApp" is-config="true" duration-ms="57825" started-at="2020-08-03T11:16:32 IST" finished-at="2020-08-03T11:17:30 IST">
          <reporter-output>
          </reporter-output>
        </test-method> <!-- openApp -->
        <test-method status="PASS" signature="Createcontact()[pri:0, instance:com.tycrm.testscripts.CreateContact@6c49835d]" name="Createcontact" duration-ms="30713" started-at="2020-08-03T11:17:30 IST" finished-at="2020-08-03T11:18:01 IST">
          <reporter-output>
          </reporter-output>
        </test-method> <!-- Createcontact -->
        <test-method status="PASS" signature="closeApp()[pri:0, instance:com.tycrm.testscripts.CreateContact@6c49835d]" name="closeApp" is-config="true" duration-ms="1" started-at="2020-08-03T11:18:01 IST" finished-at="2020-08-03T11:18:01 IST">
          <reporter-output>
          </reporter-output>
        </test-method> <!-- closeApp -->
      </class> <!-- com.tycrm.testscripts.CreateContact -->
    </test> <!-- Default test -->
  </suite> <!-- Default suite -->
</testng-results>
